ERROR - 2025-11-04 14:27:59 --> Error connecting to the database: mysqli_sql_exception: No connection could be made because the target machine actively refused it in C:\xampp\htdocs\Codeigniter\system\Database\MySQLi\Connection.php:201
Stack trace:
#0 C:\xampp\htdocs\Codeigniter\system\Database\MySQLi\Connection.php(201): mysqli->real_connect('localhost', 'root', Object(SensitiveParameterValue), 'workshop_3', 3306, '', 0)
#1 C:\xampp\htdocs\Codeigniter\system\Database\BaseConnection.php(419): CodeIgniter\Database\MySQLi\Connection->connect(false)
#2 C:\xampp\htdocs\Codeigniter\system\Database\BaseConnection.php(614): CodeIgniter\Database\BaseConnection->initialize()
#3 C:\xampp\htdocs\Codeigniter\system\Database\BaseConnection.php(1525): CodeIgniter\Database\BaseConnection->query('SHOW TABLES FRO...')
#4 C:\xampp\htdocs\Codeigniter\system\Commands\Database\ShowTableInfo.php(121): CodeIgniter\Database\BaseConnection->listTables()
#5 C:\xampp\htdocs\Codeigniter\system\CLI\Commands.php(74): CodeIgniter\Commands\Database\ShowTableInfo->run(Array)
#6 C:\xampp\htdocs\Codeigniter\system\CLI\Console.php(47): CodeIgniter\CLI\Commands->run('db:table', Array)
#7 C:\xampp\htdocs\Codeigniter\system\Boot.php(388): CodeIgniter\CLI\Console->run()
#8 C:\xampp\htdocs\Codeigniter\system\Boot.php(133): CodeIgniter\Boot::runCommand(Object(CodeIgniter\CLI\Console))
#9 C:\xampp\htdocs\Codeigniter\spark(87): CodeIgniter\Boot::bootSpark(Object(Config\Paths))
#10 {main}

Next CodeIgniter\Database\Exceptions\DatabaseException: No connection could be made because the target machine actively refused it in C:\xampp\htdocs\Codeigniter\system\Database\MySQLi\Connection.php:246
Stack trace:
#0 C:\xampp\htdocs\Codeigniter\system\Database\BaseConnection.php(419): CodeIgniter\Database\MySQLi\Connection->connect(false)
#1 C:\xampp\htdocs\Codeigniter\system\Database\BaseConnection.php(614): CodeIgniter\Database\BaseConnection->initialize()
#2 C:\xampp\htdocs\Codeigniter\system\Database\BaseConnection.php(1525): CodeIgniter\Database\BaseConnection->query('SHOW TABLES FRO...')
#3 C:\xampp\htdocs\Codeigniter\system\Commands\Database\ShowTableInfo.php(121): CodeIgniter\Database\BaseConnection->listTables()
#4 C:\xampp\htdocs\Codeigniter\system\CLI\Commands.php(74): CodeIgniter\Commands\Database\ShowTableInfo->run(Array)
#5 C:\xampp\htdocs\Codeigniter\system\CLI\Console.php(47): CodeIgniter\CLI\Commands->run('db:table', Array)
#6 C:\xampp\htdocs\Codeigniter\system\Boot.php(388): CodeIgniter\CLI\Console->run()
#7 C:\xampp\htdocs\Codeigniter\system\Boot.php(133): CodeIgniter\Boot::runCommand(Object(CodeIgniter\CLI\Console))
#8 C:\xampp\htdocs\Codeigniter\spark(87): CodeIgniter\Boot::bootSpark(Object(Config\Paths))
#9 {main}
CRITICAL - 2025-11-04 14:27:59 --> CodeIgniter\Database\Exceptions\DatabaseException: Unable to connect to the database.
Main connection [MySQLi]: No connection could be made because the target machine actively refused it
[Method: CLI, Route: db:table/users]
in SYSTEMPATH\Database\BaseConnection.php on line 465.
 1 SYSTEMPATH\Database\BaseConnection.php(614): CodeIgniter\Database\BaseConnection->initialize()
 2 SYSTEMPATH\Database\BaseConnection.php(1525): CodeIgniter\Database\BaseConnection->query('SHOW TABLES FROM `workshop_3`')
 3 SYSTEMPATH\Commands\Database\ShowTableInfo.php(121): CodeIgniter\Database\BaseConnection->listTables()
 4 SYSTEMPATH\CLI\Commands.php(74): CodeIgniter\Commands\Database\ShowTableInfo->run([...])
 5 SYSTEMPATH\CLI\Console.php(47): CodeIgniter\CLI\Commands->run('db:table', [...])
 6 SYSTEMPATH\Boot.php(388): CodeIgniter\CLI\Console->run()
 7 SYSTEMPATH\Boot.php(133): CodeIgniter\Boot::runCommand(Object(CodeIgniter\CLI\Console))
 8 ROOTPATH\spark(87): CodeIgniter\Boot::bootSpark(Object(Config\Paths))
CRITICAL - 2025-11-04 14:43:19 --> ParseError: syntax error, unexpected token "class", expecting "," or ";"
[Method: CLI, Route: db:table/users]
in APPPATH\Config\Database.php on line 9.
 1 SYSTEMPATH\Autoloader\Autoloader.php(295): CodeIgniter\Autoloader\Autoloader->includeFile('C:\\xampp\\htdocs\\Codeigniter\\app\\Config\\Database.php')
 2 SYSTEMPATH\Autoloader\Autoloader.php(271): CodeIgniter\Autoloader\Autoloader->loadInNamespace('Config\\Database')
 3 SYSTEMPATH\Commands\Database\ShowTableInfo.php(110): CodeIgniter\Autoloader\Autoloader->loadClass('Config\\Database')
 4 SYSTEMPATH\CLI\Commands.php(74): CodeIgniter\Commands\Database\ShowTableInfo->run([...])
 5 SYSTEMPATH\CLI\Console.php(47): CodeIgniter\CLI\Commands->run('db:table', [...])
 6 SYSTEMPATH\Boot.php(388): CodeIgniter\CLI\Console->run()
 7 SYSTEMPATH\Boot.php(133): CodeIgniter\Boot::runCommand(Object(CodeIgniter\CLI\Console))
 8 ROOTPATH\spark(87): CodeIgniter\Boot::bootSpark(Object(Config\Paths))
CRITICAL - 2025-11-04 14:43:37 --> ParseError: syntax error, unexpected token "class", expecting "," or ";"
[Method: CLI, Route: db:table/users]
in APPPATH\Config\Database.php on line 9.
 1 SYSTEMPATH\Autoloader\Autoloader.php(295): CodeIgniter\Autoloader\Autoloader->includeFile('C:\\xampp\\htdocs\\Codeigniter\\app\\Config\\Database.php')
 2 SYSTEMPATH\Autoloader\Autoloader.php(271): CodeIgniter\Autoloader\Autoloader->loadInNamespace('Config\\Database')
 3 SYSTEMPATH\Commands\Database\ShowTableInfo.php(110): CodeIgniter\Autoloader\Autoloader->loadClass('Config\\Database')
 4 SYSTEMPATH\CLI\Commands.php(74): CodeIgniter\Commands\Database\ShowTableInfo->run([...])
 5 SYSTEMPATH\CLI\Console.php(47): CodeIgniter\CLI\Commands->run('db:table', [...])
 6 SYSTEMPATH\Boot.php(388): CodeIgniter\CLI\Console->run()
 7 SYSTEMPATH\Boot.php(133): CodeIgniter\Boot::runCommand(Object(CodeIgniter\CLI\Console))
 8 ROOTPATH\spark(87): CodeIgniter\Boot::bootSpark(Object(Config\Paths))
CRITICAL - 2025-11-04 14:43:41 --> ParseError: syntax error, unexpected token "class", expecting "," or ";"
[Method: CLI, Route: db:table/province]
in APPPATH\Config\Database.php on line 9.
 1 SYSTEMPATH\Autoloader\Autoloader.php(295): CodeIgniter\Autoloader\Autoloader->includeFile('C:\\xampp\\htdocs\\Codeigniter\\app\\Config\\Database.php')
 2 SYSTEMPATH\Autoloader\Autoloader.php(271): CodeIgniter\Autoloader\Autoloader->loadInNamespace('Config\\Database')
 3 SYSTEMPATH\Commands\Database\ShowTableInfo.php(110): CodeIgniter\Autoloader\Autoloader->loadClass('Config\\Database')
 4 SYSTEMPATH\CLI\Commands.php(74): CodeIgniter\Commands\Database\ShowTableInfo->run([...])
 5 SYSTEMPATH\CLI\Console.php(47): CodeIgniter\CLI\Commands->run('db:table', [...])
 6 SYSTEMPATH\Boot.php(388): CodeIgniter\CLI\Console->run()
 7 SYSTEMPATH\Boot.php(133): CodeIgniter\Boot::runCommand(Object(CodeIgniter\CLI\Console))
 8 ROOTPATH\spark(87): CodeIgniter\Boot::bootSpark(Object(Config\Paths))
